2019-08-30 09:55:00  INFO - Starting AdminApplication on WKWIN4733700 with PID 6488 (C:\Users\rayadity\eclipse-workspace\loginPortal\Admin_Backend\target\classes started by rayadity in C:\Users\rayadity\eclipse-workspace\loginPortal\Admin_Backend)
2019-08-30 09:55:00  INFO - No active profile set, falling back to default profiles: default
2019-08-30 09:55:01  INFO - Bootstrapping Spring Data repositories in DEFAULT mode.
2019-08-30 09:55:01  INFO - Finished Spring Data repository scanning in 63ms. Found 2 repository interfaces.
2019-08-30 09:55:01  INFO - Bean 'org.springframework.transaction.annotation.ProxyTransactionManagementConfiguration' of type [org.springframework.transaction.annotation.ProxyTransactionManagementConfiguration$$EnhancerBySpringCGLIB$$9141c6c7] is not eligible for getting processed by all BeanPostProcessors (for example: not eligible for auto-proxying)
2019-08-30 09:55:02  INFO - Tomcat initialized with port(s): 8020 (http)
2019-08-30 09:55:02  INFO - Starting service [Tomcat]
2019-08-30 09:55:02  INFO - Starting Servlet engine: [Apache Tomcat/9.0.22]
2019-08-30 09:55:02  INFO - Initializing Spring embedded WebApplicationContext
2019-08-30 09:55:02  INFO - Root WebApplicationContext: initialization completed in 2461 ms
2019-08-30 09:55:03  INFO - HikariPool-1 - Starting...
2019-08-30 09:55:04  INFO - HikariPool-1 - Start completed.
2019-08-30 09:55:04  INFO - HHH000204: Processing PersistenceUnitInfo [
	name: default
	...]
2019-08-30 09:55:04  INFO - HHH000412: Hibernate Core {5.3.10.Final}
2019-08-30 09:55:04  INFO - HHH000206: hibernate.properties not found
2019-08-30 09:55:04  INFO - HCANN000001: Hibernate Commons Annotations {5.0.4.Final}
2019-08-30 09:55:04  INFO - HHH000400: Using dialect: org.hibernate.dialect.MySQL5Dialect
2019-08-30 09:55:05  INFO - Initialized JPA EntityManagerFactory for persistence unit 'default'
2019-08-30 09:55:06  WARN - spring.jpa.open-in-view is enabled by default. Therefore, database queries may be performed during view rendering. Explicitly configure spring.jpa.open-in-view to disable this warning
2019-08-30 09:55:06  INFO - Mapped URL path [/v2/api-docs] onto method [public org.springframework.http.ResponseEntity<springfox.documentation.spring.web.json.Json> springfox.documentation.swagger2.web.Swagger2Controller.getDocumentation(java.lang.String,javax.servlet.http.HttpServletRequest)]
2019-08-30 09:55:06  INFO - Initializing ExecutorService 'applicationTaskExecutor'
2019-08-30 09:55:07  INFO - Context refreshed
2019-08-30 09:55:07  INFO - Found 1 custom documentation plugin(s)
2019-08-30 09:55:07  INFO - Scanning for api listing references
2019-08-30 09:55:07  INFO - Tomcat started on port(s): 8020 (http) with context path ''
2019-08-30 09:55:07  INFO - Started AdminApplication in 7.981 seconds (JVM running for 9.172)
2019-08-30 09:56:35  INFO - Initializing Spring DispatcherServlet 'dispatcherServlet'
2019-08-30 09:56:35  INFO - Initializing Servlet 'dispatcherServlet'
2019-08-30 09:56:35  INFO - Completed initialization in 26 ms
2019-08-30 09:56:36  INFO - Fetched details of users  ResponseCode:213  Role:Admin  Class&Function:com.loginportal.admin.controller.AdminController.findAll(AdminController.java:45)  IPaddress:97.125.43.151  DeviceDetails:Chrome
2019-08-30 10:05:42  INFO - Fetching Active users list  RequestCode:209  Role:Admin  Class&Function:com.loginportal.admin.controller.AdminController.findAllActiveUsers(AdminController.java:52)  RequestType:GetMapping  IPaddress:97.125.43.151  DeviceDetails:Chrome
2019-08-30 10:05:42  INFO - HHH000397: Using ASTQueryTranslatorFactory
2019-08-30 10:05:43  INFO - Fetched details of Active users  ResponseCode:213  Role:Admin  Class&Function:com.loginportal.admin.controller.AdminController.findAllActiveUsers(AdminController.java:74)  IPaddress:97.125.43.151  DeviceDetails:Chrome
2019-08-30 10:17:31  INFO - Application shutdown requested.
2019-08-30 10:17:31  INFO - Shutting down ExecutorService 'applicationTaskExecutor'
2019-08-30 10:17:31  INFO - Closing JPA EntityManagerFactory for persistence unit 'default'
2019-08-30 10:17:31  INFO - HikariPool-1 - Shutdown initiated...
2019-08-30 10:17:31  INFO - HikariPool-1 - Shutdown completed.
2019-08-30 10:17:38  INFO - Starting AdminApplication on WKWIN4733700 with PID 8132 (C:\Users\rayadity\eclipse-workspace\loginPortal\Admin_Backend\target\classes started by rayadity in C:\Users\rayadity\eclipse-workspace\loginPortal\Admin_Backend)
2019-08-30 10:17:38  INFO - No active profile set, falling back to default profiles: default
2019-08-30 10:17:39  INFO - Bootstrapping Spring Data repositories in DEFAULT mode.
2019-08-30 10:17:39  INFO - Finished Spring Data repository scanning in 11ms. Found 0 repository interfaces.
2019-08-30 10:17:40  INFO - Bean 'org.springframework.transaction.annotation.ProxyTransactionManagementConfiguration' of type [org.springframework.transaction.annotation.ProxyTransactionManagementConfiguration$$EnhancerBySpringCGLIB$$dc40e96f] is not eligible for getting processed by all BeanPostProcessors (for example: not eligible for auto-proxying)
2019-08-30 10:17:40  INFO - Tomcat initialized with port(s): 8020 (http)
2019-08-30 10:17:40  INFO - Starting service [Tomcat]
2019-08-30 10:17:40  INFO - Starting Servlet engine: [Apache Tomcat/9.0.22]
2019-08-30 10:17:40  INFO - Initializing Spring embedded WebApplicationContext
2019-08-30 10:17:40  INFO - Root WebApplicationContext: initialization completed in 2217 ms
2019-08-30 10:17:40  INFO - HikariPool-1 - Starting...
2019-08-30 10:17:42  INFO - HikariPool-1 - Start completed.
2019-08-30 10:17:42  INFO - HHH000204: Processing PersistenceUnitInfo [
	name: default
	...]
2019-08-30 10:17:42  INFO - HHH000412: Hibernate Core {5.3.10.Final}
2019-08-30 10:17:42  INFO - HHH000206: hibernate.properties not found
2019-08-30 10:17:42  INFO - HCANN000001: Hibernate Commons Annotations {5.0.4.Final}
2019-08-30 10:17:42  INFO - HHH000400: Using dialect: org.hibernate.dialect.MySQL5Dialect
2019-08-30 10:17:43  INFO - Initialized JPA EntityManagerFactory for persistence unit 'default'
2019-08-30 10:17:43  WARN - spring.jpa.open-in-view is enabled by default. Therefore, database queries may be performed during view rendering. Explicitly configure spring.jpa.open-in-view to disable this warning
2019-08-30 10:17:43  INFO - Mapped URL path [/v2/api-docs] onto method [public org.springframework.http.ResponseEntity<springfox.documentation.spring.web.json.Json> springfox.documentation.swagger2.web.Swagger2Controller.getDocumentation(java.lang.String,javax.servlet.http.HttpServletRequest)]
2019-08-30 10:17:44  INFO - Initializing ExecutorService 'applicationTaskExecutor'
2019-08-30 10:17:44  INFO - Context refreshed
2019-08-30 10:17:44  INFO - Found 1 custom documentation plugin(s)
2019-08-30 10:17:44  INFO - Scanning for api listing references
2019-08-30 10:17:44  INFO - Tomcat started on port(s): 8020 (http) with context path ''
2019-08-30 10:17:44  INFO - Started AdminApplication in 6.646 seconds (JVM running for 8.267)
2019-08-30 10:17:51  INFO - Initializing Spring DispatcherServlet 'dispatcherServlet'
2019-08-30 10:17:51  INFO - Initializing Servlet 'dispatcherServlet'
2019-08-30 10:17:51  INFO - Completed initialization in 17 ms
2019-08-30 10:17:51  INFO - Fetching Active users list  RequestCode:209  Role:Admin  Class&Function:com.loginportal.admin.controller.AdminController.findAllActiveUsers(AdminController.java:51)  RequestType:GetMapping  IPaddress:97.125.43.151  DeviceDetails:Chrome
2019-08-30 10:17:51 ERROR - Servlet.service() for servlet [dispatcherServlet] in context with path [] threw exception [Request processing failed; nested exception is org.springframework.web.client.HttpClientErrorException$MethodNotAllowed: 405 null] with root cause
org.springframework.web.client.HttpClientErrorException$MethodNotAllowed: 405 null
	at org.springframework.web.client.HttpClientErrorException.create(HttpClientErrorException.java:87)
	at org.springframework.web.client.DefaultResponseErrorHandler.handleError(DefaultResponseErrorHandler.java:122)
	at org.springframework.web.client.DefaultResponseErrorHandler.handleError(DefaultResponseErrorHandler.java:102)
	at org.springframework.web.client.ResponseErrorHandler.handleError(ResponseErrorHandler.java:63)
	at org.springframework.web.client.RestTemplate.handleResponse(RestTemplate.java:778)
	at org.springframework.web.client.RestTemplate.doExecute(RestTemplate.java:736)
	at org.springframework.web.client.RestTemplate.execute(RestTemplate.java:670)
	at org.springframework.web.client.RestTemplate.getForObject(RestTemplate.java:311)
	at com.loginportal.admin.controller.AdminController.findAllActiveUsers(AdminController.java:54)
	at sun.reflect.NativeMethodAccessorImpl.invoke0(Native Method)
	at sun.reflect.NativeMethodAccessorImpl.invoke(Unknown Source)
	at sun.reflect.DelegatingMethodAccessorImpl.invoke(Unknown Source)
	at java.lang.reflect.Method.invoke(Unknown Source)
	at org.springframework.web.method.support.InvocableHandlerMethod.doInvoke(InvocableHandlerMethod.java:190)
	at org.springframework.web.method.support.InvocableHandlerMethod.invokeForRequest(InvocableHandlerMethod.java:138)
	at org.springframework.web.servlet.mvc.method.annotation.ServletInvocableHandlerMethod.invokeAndHandle(ServletInvocableHandlerMethod.java:104)
	at org.springframework.web.servlet.mvc.method.annotation.RequestMappingHandlerAdapter.invokeHandlerMethod(RequestMappingHandlerAdapter.java:892)
	at org.springframework.web.servlet.mvc.method.annotation.RequestMappingHandlerAdapter.handleInternal(RequestMappingHandlerAdapter.java:797)
	at org.springframework.web.servlet.mvc.method.AbstractHandlerMethodAdapter.handle(AbstractHandlerMethodAdapter.java:87)
	at org.springframework.web.servlet.DispatcherServlet.doDispatch(DispatcherServlet.java:1039)
	at org.springframework.web.servlet.DispatcherServlet.doService(DispatcherServlet.java:942)
	at org.springframework.web.servlet.FrameworkServlet.processRequest(FrameworkServlet.java:1005)
	at org.springframework.web.servlet.FrameworkServlet.doGet(FrameworkServlet.java:897)
	at javax.servlet.http.HttpServlet.service(HttpServlet.java:634)
	at org.springframework.web.servlet.FrameworkServlet.service(FrameworkServlet.java:882)
	at javax.servlet.http.HttpServlet.service(HttpServlet.java:741)
	at org.apache.catalina.core.ApplicationFilterChain.internalDoFilter(ApplicationFilterChain.java:231)
	at org.apache.catalina.core.ApplicationFilterChain.doFilter(ApplicationFilterChain.java:166)
	at org.apache.tomcat.websocket.server.WsFilter.doFilter(WsFilter.java:53)
	at org.apache.catalina.core.ApplicationFilterChain.internalDoFilter(ApplicationFilterChain.java:193)
	at org.apache.catalina.core.ApplicationFilterChain.doFilter(ApplicationFilterChain.java:166)
	at org.springframework.web.filter.RequestContextFilter.doFilterInternal(RequestContextFilter.java:99)
	at org.springframework.web.filter.OncePerRequestFilter.doFilter(OncePerRequestFilter.java:118)
	at org.apache.catalina.core.ApplicationFilterChain.internalDoFilter(ApplicationFilterChain.java:193)
	at org.apache.catalina.core.ApplicationFilterChain.doFilter(ApplicationFilterChain.java:166)
	at org.springframework.web.filter.FormContentFilter.doFilterInternal(FormContentFilter.java:92)
	at org.springframework.web.filter.OncePerRequestFilter.doFilter(OncePerRequestFilter.java:118)
	at org.apache.catalina.core.ApplicationFilterChain.internalDoFilter(ApplicationFilterChain.java:193)
	at org.apache.catalina.core.ApplicationFilterChain.doFilter(ApplicationFilterChain.java:166)
	at org.springframework.web.filter.HiddenHttpMethodFilter.doFilterInternal(HiddenHttpMethodFilter.java:93)
	at org.springframework.web.filter.OncePerRequestFilter.doFilter(OncePerRequestFilter.java:118)
	at org.apache.catalina.core.ApplicationFilterChain.internalDoFilter(ApplicationFilterChain.java:193)
	at org.apache.catalina.core.ApplicationFilterChain.doFilter(ApplicationFilterChain.java:166)
	at org.springframework.web.filter.CharacterEncodingFilter.doFilterInternal(CharacterEncodingFilter.java:200)
	at org.springframework.web.filter.OncePerRequestFilter.doFilter(OncePerRequestFilter.java:118)
	at org.apache.catalina.core.ApplicationFilterChain.internalDoFilter(ApplicationFilterChain.java:193)
	at org.apache.catalina.core.ApplicationFilterChain.doFilter(ApplicationFilterChain.java:166)
	at org.apache.catalina.core.StandardWrapperValve.invoke(StandardWrapperValve.java:202)
	at org.apache.catalina.core.StandardContextValve.invoke(StandardContextValve.java:96)
	at org.apache.catalina.authenticator.AuthenticatorBase.invoke(AuthenticatorBase.java:490)
	at org.apache.catalina.core.StandardHostValve.invoke(StandardHostValve.java:139)
	at org.apache.catalina.valves.ErrorReportValve.invoke(ErrorReportValve.java:92)
	at org.apache.catalina.core.StandardEngineValve.invoke(StandardEngineValve.java:74)
	at org.apache.catalina.connector.CoyoteAdapter.service(CoyoteAdapter.java:343)
	at org.apache.coyote.http11.Http11Processor.service(Http11Processor.java:408)
	at org.apache.coyote.AbstractProcessorLight.process(AbstractProcessorLight.java:66)
	at org.apache.coyote.AbstractProtocol$ConnectionHandler.process(AbstractProtocol.java:853)
	at org.apache.tomcat.util.net.NioEndpoint$SocketProcessor.doRun(NioEndpoint.java:1587)
	at org.apache.tomcat.util.net.SocketProcessorBase.run(SocketProcessorBase.java:49)
	at java.util.concurrent.ThreadPoolExecutor.runWorker(Unknown Source)
	at java.util.concurrent.ThreadPoolExecutor$Worker.run(Unknown Source)
	at org.apache.tomcat.util.threads.TaskThread$WrappingRunnable.run(TaskThread.java:61)
	at java.lang.Thread.run(Unknown Source)
2019-08-30 10:18:06  INFO - Fetched details of users  ResponseCode:213  Role:Admin  Class&Function:com.loginportal.admin.controller.AdminController.findAll(AdminController.java:38)  IPaddress:97.125.43.151  DeviceDetails:Chrome
2019-08-30 10:18:06  INFO - Exiting UpdateUser Method  ResponseCode:213  Role:Admin  Class&Function:com.loginportal.admin.controller.AdminController.findAll(AdminController.java:44)  RequestType:POST  IPaddress:199.200.999.000  DeviceDetails:HP Envy 360
2019-08-30 10:18:30  INFO - Fetching Active users list  RequestCode:209  Role:Admin  Class&Function:com.loginportal.admin.controller.AdminController.findAllActiveUsers(AdminController.java:51)  RequestType:GetMapping  IPaddress:97.125.43.151  DeviceDetails:Chrome
2019-08-30 10:18:30 ERROR - Servlet.service() for servlet [dispatcherServlet] in context with path [] threw exception [Request processing failed; nested exception is org.springframework.web.client.HttpClientErrorException$MethodNotAllowed: 405 null] with root cause
org.springframework.web.client.HttpClientErrorException$MethodNotAllowed: 405 null
	at org.springframework.web.client.HttpClientErrorException.create(HttpClientErrorException.java:87)
	at org.springframework.web.client.DefaultResponseErrorHandler.handleError(DefaultResponseErrorHandler.java:122)
	at org.springframework.web.client.DefaultResponseErrorHandler.handleError(DefaultResponseErrorHandler.java:102)
	at org.springframework.web.client.ResponseErrorHandler.handleError(ResponseErrorHandler.java:63)
	at org.springframework.web.client.RestTemplate.handleResponse(RestTemplate.java:778)
	at org.springframework.web.client.RestTemplate.doExecute(RestTemplate.java:736)
	at org.springframework.web.client.RestTemplate.execute(RestTemplate.java:670)
	at org.springframework.web.client.RestTemplate.getForObject(RestTemplate.java:311)
	at com.loginportal.admin.controller.AdminController.findAllActiveUsers(AdminController.java:54)
	at sun.reflect.NativeMethodAccessorImpl.invoke0(Native Method)
	at sun.reflect.NativeMethodAccessorImpl.invoke(Unknown Source)
	at sun.reflect.DelegatingMethodAccessorImpl.invoke(Unknown Source)
	at java.lang.reflect.Method.invoke(Unknown Source)
	at org.springframework.web.method.support.InvocableHandlerMethod.doInvoke(InvocableHandlerMethod.java:190)
	at org.springframework.web.method.support.InvocableHandlerMethod.invokeForRequest(InvocableHandlerMethod.java:138)
	at org.springframework.web.servlet.mvc.method.annotation.ServletInvocableHandlerMethod.invokeAndHandle(ServletInvocableHandlerMethod.java:104)
	at org.springframework.web.servlet.mvc.method.annotation.RequestMappingHandlerAdapter.invokeHandlerMethod(RequestMappingHandlerAdapter.java:892)
	at org.springframework.web.servlet.mvc.method.annotation.RequestMappingHandlerAdapter.handleInternal(RequestMappingHandlerAdapter.java:797)
	at org.springframework.web.servlet.mvc.method.AbstractHandlerMethodAdapter.handle(AbstractHandlerMethodAdapter.java:87)
	at org.springframework.web.servlet.DispatcherServlet.doDispatch(DispatcherServlet.java:1039)
	at org.springframework.web.servlet.DispatcherServlet.doService(DispatcherServlet.java:942)
	at org.springframework.web.servlet.FrameworkServlet.processRequest(FrameworkServlet.java:1005)
	at org.springframework.web.servlet.FrameworkServlet.doGet(FrameworkServlet.java:897)
	at javax.servlet.http.HttpServlet.service(HttpServlet.java:634)
	at org.springframework.web.servlet.FrameworkServlet.service(FrameworkServlet.java:882)
	at javax.servlet.http.HttpServlet.service(HttpServlet.java:741)
	at org.apache.catalina.core.ApplicationFilterChain.internalDoFilter(ApplicationFilterChain.java:231)
	at org.apache.catalina.core.ApplicationFilterChain.doFilter(ApplicationFilterChain.java:166)
	at org.apache.tomcat.websocket.server.WsFilter.doFilter(WsFilter.java:53)
	at org.apache.catalina.core.ApplicationFilterChain.internalDoFilter(ApplicationFilterChain.java:193)
	at org.apache.catalina.core.ApplicationFilterChain.doFilter(ApplicationFilterChain.java:166)
	at org.springframework.web.filter.RequestContextFilter.doFilterInternal(RequestContextFilter.java:99)
	at org.springframework.web.filter.OncePerRequestFilter.doFilter(OncePerRequestFilter.java:118)
	at org.apache.catalina.core.ApplicationFilterChain.internalDoFilter(ApplicationFilterChain.java:193)
	at org.apache.catalina.core.ApplicationFilterChain.doFilter(ApplicationFilterChain.java:166)
	at org.springframework.web.filter.FormContentFilter.doFilterInternal(FormContentFilter.java:92)
	at org.springframework.web.filter.OncePerRequestFilter.doFilter(OncePerRequestFilter.java:118)
	at org.apache.catalina.core.ApplicationFilterChain.internalDoFilter(ApplicationFilterChain.java:193)
	at org.apache.catalina.core.ApplicationFilterChain.doFilter(ApplicationFilterChain.java:166)
	at org.springframework.web.filter.HiddenHttpMethodFilter.doFilterInternal(HiddenHttpMethodFilter.java:93)
	at org.springframework.web.filter.OncePerRequestFilter.doFilter(OncePerRequestFilter.java:118)
	at org.apache.catalina.core.ApplicationFilterChain.internalDoFilter(ApplicationFilterChain.java:193)
	at org.apache.catalina.core.ApplicationFilterChain.doFilter(ApplicationFilterChain.java:166)
	at org.springframework.web.filter.CharacterEncodingFilter.doFilterInternal(CharacterEncodingFilter.java:200)
	at org.springframework.web.filter.OncePerRequestFilter.doFilter(OncePerRequestFilter.java:118)
	at org.apache.catalina.core.ApplicationFilterChain.internalDoFilter(ApplicationFilterChain.java:193)
	at org.apache.catalina.core.ApplicationFilterChain.doFilter(ApplicationFilterChain.java:166)
	at org.apache.catalina.core.StandardWrapperValve.invoke(StandardWrapperValve.java:202)
	at org.apache.catalina.core.StandardContextValve.invoke(StandardContextValve.java:96)
	at org.apache.catalina.authenticator.AuthenticatorBase.invoke(AuthenticatorBase.java:490)
	at org.apache.catalina.core.StandardHostValve.invoke(StandardHostValve.java:139)
	at org.apache.catalina.valves.ErrorReportValve.invoke(ErrorReportValve.java:92)
	at org.apache.catalina.core.StandardEngineValve.invoke(StandardEngineValve.java:74)
	at org.apache.catalina.connector.CoyoteAdapter.service(CoyoteAdapter.java:343)
	at org.apache.coyote.http11.Http11Processor.service(Http11Processor.java:408)
	at org.apache.coyote.AbstractProcessorLight.process(AbstractProcessorLight.java:66)
	at org.apache.coyote.AbstractProtocol$ConnectionHandler.process(AbstractProtocol.java:853)
	at org.apache.tomcat.util.net.NioEndpoint$SocketProcessor.doRun(NioEndpoint.java:1587)
	at org.apache.tomcat.util.net.SocketProcessorBase.run(SocketProcessorBase.java:49)
	at java.util.concurrent.ThreadPoolExecutor.runWorker(Unknown Source)
	at java.util.concurrent.ThreadPoolExecutor$Worker.run(Unknown Source)
	at org.apache.tomcat.util.threads.TaskThread$WrappingRunnable.run(TaskThread.java:61)
	at java.lang.Thread.run(Unknown Source)
2019-08-30 10:20:00  INFO - Application shutdown requested.
2019-08-30 10:20:00  INFO - Shutting down ExecutorService 'applicationTaskExecutor'
2019-08-30 10:20:00  INFO - Closing JPA EntityManagerFactory for persistence unit 'default'
2019-08-30 10:20:00  INFO - HikariPool-1 - Shutdown initiated...
2019-08-30 10:20:00  INFO - HikariPool-1 - Shutdown completed.
2019-08-30 10:20:07  INFO - Starting AdminApplication on WKWIN4733700 with PID 2636 (C:\Users\rayadity\eclipse-workspace\loginPortal\Admin_Backend\target\classes started by rayadity in C:\Users\rayadity\eclipse-workspace\loginPortal\Admin_Backend)
2019-08-30 10:20:07  INFO - No active profile set, falling back to default profiles: default
2019-08-30 10:20:08  INFO - Bootstrapping Spring Data repositories in DEFAULT mode.
2019-08-30 10:20:08  INFO - Finished Spring Data repository scanning in 10ms. Found 0 repository interfaces.
2019-08-30 10:20:09  INFO - Bean 'org.springframework.transaction.annotation.ProxyTransactionManagementConfiguration' of type [org.springframework.transaction.annotation.ProxyTransactionManagementConfiguration$$EnhancerBySpringCGLIB$$610a9cf3] is not eligible for getting processed by all BeanPostProcessors (for example: not eligible for auto-proxying)
2019-08-30 10:20:09  INFO - Tomcat initialized with port(s): 8020 (http)
2019-08-30 10:20:09  INFO - Starting service [Tomcat]
2019-08-30 10:20:09  INFO - Starting Servlet engine: [Apache Tomcat/9.0.22]
2019-08-30 10:20:09  INFO - Initializing Spring embedded WebApplicationContext
2019-08-30 10:20:09  INFO - Root WebApplicationContext: initialization completed in 2178 ms
2019-08-30 10:20:09  INFO - HikariPool-1 - Starting...
2019-08-30 10:20:11  INFO - HikariPool-1 - Start completed.
2019-08-30 10:20:11  INFO - HHH000204: Processing PersistenceUnitInfo [
	name: default
	...]
2019-08-30 10:20:11  INFO - HHH000412: Hibernate Core {5.3.10.Final}
2019-08-30 10:20:11  INFO - HHH000206: hibernate.properties not found
2019-08-30 10:20:11  INFO - HCANN000001: Hibernate Commons Annotations {5.0.4.Final}
2019-08-30 10:20:11  INFO - HHH000400: Using dialect: org.hibernate.dialect.MySQL5Dialect
2019-08-30 10:20:12  INFO - Initialized JPA EntityManagerFactory for persistence unit 'default'
2019-08-30 10:20:12  WARN - spring.jpa.open-in-view is enabled by default. Therefore, database queries may be performed during view rendering. Explicitly configure spring.jpa.open-in-view to disable this warning
2019-08-30 10:20:12  INFO - Mapped URL path [/v2/api-docs] onto method [public org.springframework.http.ResponseEntity<springfox.documentation.spring.web.json.Json> springfox.documentation.swagger2.web.Swagger2Controller.getDocumentation(java.lang.String,javax.servlet.http.HttpServletRequest)]
2019-08-30 10:20:13  INFO - Initializing ExecutorService 'applicationTaskExecutor'
2019-08-30 10:20:13  INFO - Context refreshed
2019-08-30 10:20:13  INFO - Found 1 custom documentation plugin(s)
2019-08-30 10:20:13  INFO - Scanning for api listing references
2019-08-30 10:20:13  INFO - Tomcat started on port(s): 8020 (http) with context path ''
2019-08-30 10:20:13  INFO - Started AdminApplication in 6.518 seconds (JVM running for 8.132)
2019-08-30 10:20:22  INFO - Initializing Spring DispatcherServlet 'dispatcherServlet'
2019-08-30 10:20:22  INFO - Initializing Servlet 'dispatcherServlet'
2019-08-30 10:20:22  INFO - Completed initialization in 16 ms
2019-08-30 10:20:23  INFO - Fetching Active users list  RequestCode:209  Role:Admin  Class&Function:com.loginportal.admin.controller.AdminController.findAllActiveUsers(AdminController.java:51)  RequestType:GetMapping  IPaddress:97.125.43.151  DeviceDetails:Chrome
2019-08-30 10:20:23 ERROR - Could not fetch details  ResponseCode:461  Role:Admin  Class&Function:com.loginportal.admin.controller.AdminController.findAllActiveUsers(AdminController.java:60)  RequestType:GetMapping  IPaddress:97.125.43.151  DeviceDetails:Chrome
2019-08-30 10:23:53  INFO - Fetching Active users list  RequestCode:209  Role:Admin  Class&Function:com.loginportal.admin.controller.AdminController.findAllActiveUsers(AdminController.java:51)  RequestType:GetMapping  IPaddress:97.125.43.151  DeviceDetails:Chrome
2019-08-30 10:23:53 ERROR - Could not fetch details  ResponseCode:461  Role:Admin  Class&Function:com.loginportal.admin.controller.AdminController.findAllActiveUsers(AdminController.java:60)  RequestType:GetMapping  IPaddress:97.125.43.151  DeviceDetails:Chrome
2019-08-30 10:25:15  INFO - Fetching Active users list  RequestCode:209  Role:Admin  Class&Function:com.loginportal.admin.controller.AdminController.findAllActiveUsers(AdminController.java:51)  RequestType:GetMapping  IPaddress:97.125.43.151  DeviceDetails:Chrome
2019-08-30 10:25:15 ERROR - Could not fetch details  ResponseCode:461  Role:Admin  Class&Function:com.loginportal.admin.controller.AdminController.findAllActiveUsers(AdminController.java:60)  RequestType:GetMapping  IPaddress:97.125.43.151  DeviceDetails:Chrome
2019-08-30 10:34:57  INFO - Fetching Active users list  RequestCode:209  Role:Admin  Class&Function:com.loginportal.admin.controller.AdminController.findAllActiveUsers(AdminController.java:51)  RequestType:GetMapping  IPaddress:97.125.43.151  DeviceDetails:Chrome
2019-08-30 10:34:57 ERROR - Could not fetch details  ResponseCode:461  Role:Admin  Class&Function:com.loginportal.admin.controller.AdminController.findAllActiveUsers(AdminController.java:60)  RequestType:GetMapping  IPaddress:97.125.43.151  DeviceDetails:Chrome
2019-08-30 10:35:21  INFO - Application shutdown requested.
2019-08-30 10:35:21  INFO - Shutting down ExecutorService 'applicationTaskExecutor'
2019-08-30 10:35:21  INFO - Closing JPA EntityManagerFactory for persistence unit 'default'
2019-08-30 10:35:21  INFO - HikariPool-1 - Shutdown initiated...
2019-08-30 10:35:21  INFO - HikariPool-1 - Shutdown completed.
2019-08-30 10:35:28  INFO - Starting AdminApplication on WKWIN4733700 with PID 10184 (C:\Users\rayadity\eclipse-workspace\loginPortal\Admin_Backend\target\classes started by rayadity in C:\Users\rayadity\eclipse-workspace\loginPortal\Admin_Backend)
2019-08-30 10:35:28  INFO - No active profile set, falling back to default profiles: default
2019-08-30 10:35:29  INFO - Bootstrapping Spring Data repositories in DEFAULT mode.
2019-08-30 10:35:29  INFO - Finished Spring Data repository scanning in 9ms. Found 0 repository interfaces.
2019-08-30 10:35:30  INFO - Bean 'org.springframework.transaction.annotation.ProxyTransactionManagementConfiguration' of type [org.springframework.transaction.annotation.ProxyTransactionManagementConfiguration$$EnhancerBySpringCGLIB$$ae0bf703] is not eligible for getting processed by all BeanPostProcessors (for example: not eligible for auto-proxying)
2019-08-30 10:35:30  INFO - Tomcat initialized with port(s): 8020 (http)
2019-08-30 10:35:30  INFO - Starting service [Tomcat]
2019-08-30 10:35:30  INFO - Starting Servlet engine: [Apache Tomcat/9.0.22]
2019-08-30 10:35:30  INFO - Initializing Spring embedded WebApplicationContext
2019-08-30 10:35:30  INFO - Root WebApplicationContext: initialization completed in 2091 ms
2019-08-30 10:35:30  INFO - HikariPool-1 - Starting...
2019-08-30 10:35:32  INFO - HikariPool-1 - Start completed.
2019-08-30 10:35:32  INFO - HHH000204: Processing PersistenceUnitInfo [
	name: default
	...]
2019-08-30 10:35:32  INFO - HHH000412: Hibernate Core {5.3.10.Final}
2019-08-30 10:35:32  INFO - HHH000206: hibernate.properties not found
2019-08-30 10:35:32  INFO - HCANN000001: Hibernate Commons Annotations {5.0.4.Final}
2019-08-30 10:35:32  INFO - HHH000400: Using dialect: org.hibernate.dialect.MySQL5Dialect
2019-08-30 10:35:33  INFO - Initialized JPA EntityManagerFactory for persistence unit 'default'
2019-08-30 10:35:33  WARN - spring.jpa.open-in-view is enabled by default. Therefore, database queries may be performed during view rendering. Explicitly configure spring.jpa.open-in-view to disable this warning
2019-08-30 10:35:34  INFO - Mapped URL path [/v2/api-docs] onto method [public org.springframework.http.ResponseEntity<springfox.documentation.spring.web.json.Json> springfox.documentation.swagger2.web.Swagger2Controller.getDocumentation(java.lang.String,javax.servlet.http.HttpServletRequest)]
2019-08-30 10:35:34  INFO - Initializing ExecutorService 'applicationTaskExecutor'
2019-08-30 10:35:34  INFO - Context refreshed
2019-08-30 10:35:34  INFO - Found 1 custom documentation plugin(s)
2019-08-30 10:35:34  INFO - Scanning for api listing references
2019-08-30 10:35:34  INFO - Tomcat started on port(s): 8020 (http) with context path ''
2019-08-30 10:35:34  INFO - Started AdminApplication in 6.889 seconds (JVM running for 8.645)
2019-08-30 10:35:41  INFO - Initializing Spring DispatcherServlet 'dispatcherServlet'
2019-08-30 10:35:41  INFO - Initializing Servlet 'dispatcherServlet'
2019-08-30 10:35:41  INFO - Completed initialization in 14 ms
2019-08-30 10:35:41  INFO - Fetching Active users list  RequestCode:209  Role:Admin  Class&Function:com.loginportal.admin.controller.AdminController.findAllActiveUsers(AdminController.java:51)  RequestType:GetMapping  IPaddress:97.125.43.151  DeviceDetails:Chrome
2019-08-30 10:35:41 ERROR - Could not fetch details  ResponseCode:461  Role:Admin  Class&Function:com.loginportal.admin.controller.AdminController.findAllActiveUsers(AdminController.java:64)  RequestType:GetMapping  IPaddress:97.125.43.151  DeviceDetails:Chrome
2019-08-30 10:43:30  INFO - Application shutdown requested.
2019-08-30 10:43:30  INFO - Shutting down ExecutorService 'applicationTaskExecutor'
2019-08-30 10:43:30  INFO - Closing JPA EntityManagerFactory for persistence unit 'default'
2019-08-30 10:43:30  INFO - HikariPool-1 - Shutdown initiated...
2019-08-30 10:43:30  INFO - HikariPool-1 - Shutdown completed.
2019-08-30 10:43:37  INFO - Starting AdminApplication on WKWIN4733700 with PID 6852 (C:\Users\rayadity\eclipse-workspace\loginPortal\Admin_Backend\target\classes started by rayadity in C:\Users\rayadity\eclipse-workspace\loginPortal\Admin_Backend)
2019-08-30 10:43:37  INFO - No active profile set, falling back to default profiles: default
2019-08-30 10:43:38  INFO - Bootstrapping Spring Data repositories in DEFAULT mode.
2019-08-30 10:43:38  INFO - Finished Spring Data repository scanning in 7ms. Found 0 repository interfaces.
2019-08-30 10:43:39  INFO - Bean 'org.springframework.transaction.annotation.ProxyTransactionManagementConfiguration' of type [org.springframework.transaction.annotation.ProxyTransactionManagementConfiguration$$EnhancerBySpringCGLIB$$9462a61b] is not eligible for getting processed by all BeanPostProcessors (for example: not eligible for auto-proxying)
2019-08-30 10:43:39  INFO - Tomcat initialized with port(s): 8020 (http)
2019-08-30 10:43:39  INFO - Starting service [Tomcat]
2019-08-30 10:43:39  INFO - Starting Servlet engine: [Apache Tomcat/9.0.22]
2019-08-30 10:43:39  INFO - Initializing Spring embedded WebApplicationContext
2019-08-30 10:43:39  INFO - Root WebApplicationContext: initialization completed in 2125 ms
2019-08-30 10:43:39  INFO - HikariPool-1 - Starting...
2019-08-30 10:43:40  INFO - HikariPool-1 - Start completed.
2019-08-30 10:43:41  INFO - HHH000204: Processing PersistenceUnitInfo [
	name: default
	...]
2019-08-30 10:43:41  INFO - HHH000412: Hibernate Core {5.3.10.Final}
2019-08-30 10:43:41  INFO - HHH000206: hibernate.properties not found
2019-08-30 10:43:41  INFO - HCANN000001: Hibernate Commons Annotations {5.0.4.Final}
2019-08-30 10:43:41  INFO - HHH000400: Using dialect: org.hibernate.dialect.MySQL5Dialect
2019-08-30 10:43:42  INFO - Initialized JPA EntityManagerFactory for persistence unit 'default'
2019-08-30 10:43:42  WARN - spring.jpa.open-in-view is enabled by default. Therefore, database queries may be performed during view rendering. Explicitly configure spring.jpa.open-in-view to disable this warning
2019-08-30 10:43:42  INFO - Mapped URL path [/v2/api-docs] onto method [public org.springframework.http.ResponseEntity<springfox.documentation.spring.web.json.Json> springfox.documentation.swagger2.web.Swagger2Controller.getDocumentation(java.lang.String,javax.servlet.http.HttpServletRequest)]
2019-08-30 10:43:43  INFO - Initializing ExecutorService 'applicationTaskExecutor'
2019-08-30 10:43:43  INFO - Context refreshed
2019-08-30 10:43:43  INFO - Found 1 custom documentation plugin(s)
2019-08-30 10:43:43  INFO - Scanning for api listing references
2019-08-30 10:43:43  INFO - Tomcat started on port(s): 8020 (http) with context path ''
2019-08-30 10:43:43  INFO - Started AdminApplication in 6.727 seconds (JVM running for 8.341)
2019-08-30 10:43:48  INFO - Initializing Spring DispatcherServlet 'dispatcherServlet'
2019-08-30 10:43:48  INFO - Initializing Servlet 'dispatcherServlet'
2019-08-30 10:43:48  INFO - Completed initialization in 11 ms
2019-08-30 10:43:48  INFO - Fetching Active users list  RequestCode:209  Role:Admin  Class&Function:com.loginportal.admin.controller.AdminController.findAllActiveUsers(AdminController.java:51)  RequestType:GetMapping  IPaddress:97.125.43.151  DeviceDetails:Chrome
2019-08-30 10:43:49  INFO - Fetched details of users  ResponseCode:213  Role:Admin  Class&Function:com.loginportal.admin.controller.AdminController.findAllActiveUsers(AdminController.java:60)  IPaddress:97.125.43.151  DeviceDetails:Chrome
2019-08-30 10:55:28  WARN - 

Found multiple occurrences of org.json.JSONObject on the class path:

	jar:file:/C:/Users/rayadity/.m2/repository/org/json/json/20160810/json-20160810.jar!/org/json/JSONObject.class
	jar:file:/C:/Users/rayadity/.m2/repository/com/vaadin/external/google/android-json/0.0.20131108.vaadin1/android-json-0.0.20131108.vaadin1.jar!/org/json/JSONObject.class

You may wish to exclude one of them to ensure predictable runtime behavior

2019-08-30 10:55:28  INFO - Starting ControllerTest on WKWIN4733700 with PID 8744 (started by rayadity in C:\Users\rayadity\eclipse-workspace\loginPortal\Admin_Backend)
2019-08-30 10:55:28  INFO - No active profile set, falling back to default profiles: default
2019-08-30 10:55:30  INFO - Bootstrapping Spring Data repositories in DEFAULT mode.
2019-08-30 10:55:30  INFO - Finished Spring Data repository scanning in 15ms. Found 0 repository interfaces.
2019-08-30 10:55:31  INFO - Bean 'org.springframework.transaction.annotation.ProxyTransactionManagementConfiguration' of type [org.springframework.transaction.annotation.ProxyTransactionManagementConfiguration$$EnhancerBySpringCGLIB$$e81d0f44] is not eligible for getting processed by all BeanPostProcessors (for example: not eligible for auto-proxying)
2019-08-30 10:55:31  INFO - HikariPool-1 - Starting...
2019-08-30 10:55:35  INFO - HikariPool-1 - Start completed.
2019-08-30 10:55:35  INFO - HHH000204: Processing PersistenceUnitInfo [
	name: default
	...]
2019-08-30 10:55:35  INFO - HHH000412: Hibernate Core {5.3.10.Final}
2019-08-30 10:55:35  INFO - HHH000206: hibernate.properties not found
2019-08-30 10:55:35  INFO - HCANN000001: Hibernate Commons Annotations {5.0.4.Final}
2019-08-30 10:55:36  INFO - HHH000400: Using dialect: org.hibernate.dialect.MySQL5Dialect
2019-08-30 10:55:37  INFO - Initialized JPA EntityManagerFactory for persistence unit 'default'
2019-08-30 10:55:38  WARN - spring.jpa.open-in-view is enabled by default. Therefore, database queries may be performed during view rendering. Explicitly configure spring.jpa.open-in-view to disable this warning
2019-08-30 10:55:39  INFO - Mapped URL path [/v2/api-docs] onto method [public org.springframework.http.ResponseEntity<springfox.documentation.spring.web.json.Json> springfox.documentation.swagger2.web.Swagger2Controller.getDocumentation(java.lang.String,javax.servlet.http.HttpServletRequest)]
2019-08-30 10:55:40  INFO - Initializing ExecutorService 'applicationTaskExecutor'
2019-08-30 10:55:40  INFO - Context refreshed
2019-08-30 10:55:40  INFO - Found 1 custom documentation plugin(s)
2019-08-30 10:55:40  INFO - Scanning for api listing references
2019-08-30 10:55:41  INFO - Started ControllerTest in 13.344 seconds (JVM running for 15.249)
2019-08-30 10:55:41  INFO - Initializing Spring TestDispatcherServlet ''
2019-08-30 10:55:41  INFO - Initializing Servlet ''
2019-08-30 10:55:41  INFO - Completed initialization in 23 ms
2019-08-30 10:55:41  INFO - Fetching Active users list  RequestCode:209  Role:Admin  Class&Function:com.loginportal.admin.controller.AdminController.findAllActiveUsers(AdminController.java:51)  RequestType:GetMapping  IPaddress:97.125.43.151  DeviceDetails:Chrome
2019-08-30 10:55:41  INFO - Fetched details of users  ResponseCode:213  Role:Admin  Class&Function:com.loginportal.admin.controller.AdminController.findAllActiveUsers(AdminController.java:60)  IPaddress:97.125.43.151  DeviceDetails:Chrome
2019-08-30 10:55:41  INFO - Initializing Spring TestDispatcherServlet ''
2019-08-30 10:55:41  INFO - Initializing Servlet ''
2019-08-30 10:55:41  INFO - Completed initialization in 6 ms
2019-08-30 10:55:41  INFO - Fetched details of users  ResponseCode:213  Role:Admin  Class&Function:com.loginportal.admin.controller.AdminController.findAll(AdminController.java:38)  IPaddress:97.125.43.151  DeviceDetails:Chrome
2019-08-30 10:55:41  INFO - Exiting UpdateUser Method  ResponseCode:213  Role:Admin  Class&Function:com.loginportal.admin.controller.AdminController.findAll(AdminController.java:44)  RequestType:POST  IPaddress:199.200.999.000  DeviceDetails:HP Envy 360
2019-08-30 10:55:41  INFO - Shutting down ExecutorService 'applicationTaskExecutor'
2019-08-30 10:55:42  INFO - Closing JPA EntityManagerFactory for persistence unit 'default'
2019-08-30 10:55:42  INFO - HikariPool-1 - Shutdown initiated...
2019-08-30 10:55:42  INFO - HikariPool-1 - Shutdown completed.
2019-08-30 11:17:32  WARN - HikariPool-1 - Thread starvation or clock leap detected (housekeeper delta=5m50s908ms400µs401ns).
2019-08-30 13:33:44  WARN - HikariPool-1 - Thread starvation or clock leap detected (housekeeper delta=32m42s380ms624µs500ns).
2019-08-30 14:01:38  WARN - HikariPool-1 - Thread starvation or clock leap detected (housekeeper delta=10m23s55ms988µs700ns).
